2024-12-20T17:40:16.628+09:00  INFO 22200 --- [team01] [restartedMain] com.example.team01.Team01Application     : Starting Team01Application using Java 17.0.12 with PID 22200 (C:\Users\whdgh\IdeaProjects\team01\target\classes started by whdgh in C:\Users\whdgh\IdeaProjects\team01)
2024-12-20T17:40:16.632+09:00 DEBUG 22200 --- [team01] [restartedMain] com.example.team01.Team01Application     : Running with Spring Boot v3.3.6, Spring v6.1.15
2024-12-20T17:40:16.633+09:00  INFO 22200 --- [team01] [restartedMain] com.example.team01.Team01Application     : No active profile set, falling back to 1 default profile: "default"
2024-12-20T17:40:16.677+09:00  INFO 22200 --- [team01] [restartedMain] o.s.b.devtools.restart.ChangeableUrls    : The Class-Path manifest attribute in C:\Users\whdgh\.m2\repository\com\oracle\database\jdbc\ojdbc11\21.9.0.0\ojdbc11-21.9.0.0.jar referenced one or more files that do not exist: file:/C:/Users/whdgh/.m2/repository/com/oracle/database/jdbc/ojdbc11/21.9.0.0/oraclepki.jar
2024-12-20T17:40:16.678+09:00  INFO 22200 --- [team01] [restartedMain] .e.DevToolsPropertyDefaultsPostProcessor : Devtools property defaults active! Set 'spring.devtools.add-properties' to 'false' to disable
2024-12-20T17:40:16.678+09:00  INFO 22200 --- [team01] [restartedMain] .e.DevToolsPropertyDefaultsPostProcessor : For additional web related logging consider setting the 'logging.level.web' property to 'DEBUG'
2024-12-20T17:40:17.499+09:00  INFO 22200 --- [team01] [restartedMain] .s.d.r.c.RepositoryConfigurationDelegate : Bootstrapping Spring Data JPA repositories in DEFAULT mode.
2024-12-20T17:40:17.521+09:00  INFO 22200 --- [team01] [restartedMain] .s.d.r.c.RepositoryConfigurationDelegate : Finished Spring Data repository scanning in 14 ms. Found 0 JPA repository interfaces.
2024-12-20T17:40:18.085+09:00  INFO 22200 --- [team01] [restartedMain] o.s.b.w.embedded.tomcat.TomcatWebServer  : Tomcat initialized with port 8081 (http)
2024-12-20T17:40:18.096+09:00  INFO 22200 --- [team01] [restartedMain] o.apache.catalina.core.StandardService   : Starting service [Tomcat]
2024-12-20T17:40:18.097+09:00  INFO 22200 --- [team01] [restartedMain] o.apache.catalina.core.StandardEngine    : Starting Servlet engine: [Apache Tomcat/10.1.33]
2024-12-20T17:40:18.146+09:00  INFO 22200 --- [team01] [restartedMain] o.a.c.c.C.[Tomcat].[localhost].[/]       : Initializing Spring embedded WebApplicationContext
2024-12-20T17:40:18.147+09:00  INFO 22200 --- [team01] [restartedMain] w.s.c.ServletWebServerApplicationContext : Root WebApplicationContext: initialization completed in 1468 ms
2024-12-20T17:40:18.304+09:00  INFO 22200 --- [team01] [restartedMain] o.hibernate.jpa.internal.util.LogHelper  : HHH000204: Processing PersistenceUnitInfo [name: default]
2024-12-20T17:40:18.373+09:00  INFO 22200 --- [team01] [restartedMain] org.hibernate.Version                    : HHH000412: Hibernate ORM core version 6.5.3.Final
2024-12-20T17:40:18.411+09:00  INFO 22200 --- [team01] [restartedMain] o.h.c.internal.RegionFactoryInitiator    : HHH000026: Second-level cache disabled
2024-12-20T17:40:18.752+09:00  INFO 22200 --- [team01] [restartedMain] o.s.o.j.p.SpringPersistenceUnitInfo      : No LoadTimeWeaver setup: ignoring JPA class transformer
2024-12-20T17:40:18.779+09:00  INFO 22200 --- [team01] [restartedMain] com.zaxxer.hikari.HikariDataSource       : HikariPool-1 - Starting...
2024-12-20T17:40:18.959+09:00  INFO 22200 --- [team01] [restartedMain] com.zaxxer.hikari.pool.HikariPool        : HikariPool-1 - Added connection oracle.jdbc.driver.T4CConnection@3ef696c1
2024-12-20T17:40:18.961+09:00  INFO 22200 --- [team01] [restartedMain] com.zaxxer.hikari.HikariDataSource       : HikariPool-1 - Start completed.
2024-12-20T17:40:19.040+09:00  WARN 22200 --- [team01] [restartedMain] org.hibernate.dialect.Dialect            : HHH000511: The 11.2.0 version for [org.hibernate.dialect.OracleDialect] is no longer supported, hence certain features may not work properly. The minimum supported version is 19.0.0. Check the community dialects project for available legacy versions.
2024-12-20T17:40:19.046+09:00  WARN 22200 --- [team01] [restartedMain] org.hibernate.orm.deprecation            : HHH90000025: OracleDialect does not need to be specified explicitly using 'hibernate.dialect' (remove the property setting and it will be selected by default)
2024-12-20T17:40:19.413+09:00  INFO 22200 --- [team01] [restartedMain] o.h.e.t.j.p.i.JtaPlatformInitiator       : HHH000489: No JTA platform available (set 'hibernate.transaction.jta.platform' to enable JTA platform integration)
2024-12-20T17:40:19.418+09:00  INFO 22200 --- [team01] [restartedMain] j.LocalContainerEntityManagerFactoryBean : Initialized JPA EntityManagerFactory for persistence unit 'default'
2024-12-20T17:40:19.683+09:00  WARN 22200 --- [team01] [restartedMain] JpaBaseConfiguration$JpaWebConfiguration : spring.jpa.open-in-view is enabled by default. Therefore, database queries may be performed during view rendering. Explicitly configure spring.jpa.open-in-view to disable this warning
2024-12-20T17:40:19.700+09:00  WARN 22200 --- [team01] [restartedMain] .s.s.UserDetailsServiceAutoConfiguration : 

Using generated security password: 943e1323-50be-439d-8ba5-3ca1f6c3fe57

This generated password is for development use only. Your security configuration must be updated before running your application in production.

2024-12-20T17:40:19.713+09:00  INFO 22200 --- [team01] [restartedMain] r$InitializeUserDetailsManagerConfigurer : Global AuthenticationManager configured with UserDetailsService bean with name inMemoryUserDetailsManager
2024-12-20T17:40:19.779+09:00  INFO 22200 --- [team01] [restartedMain] o.s.b.a.w.s.WelcomePageHandlerMapping    : Adding welcome page: class path resource [static/index.html]
2024-12-20T17:40:20.140+09:00  INFO 22200 --- [team01] [restartedMain] o.s.b.d.a.OptionalLiveReloadServer       : LiveReload server is running on port 35729
2024-12-20T17:40:20.167+09:00  INFO 22200 --- [team01] [restartedMain] o.s.b.w.embedded.tomcat.TomcatWebServer  : Tomcat started on port 8081 (http) with context path '/'
2024-12-20T17:40:20.175+09:00  INFO 22200 --- [team01] [restartedMain] com.example.team01.Team01Application     : Started Team01Application in 3.939 seconds (process running for 4.606)
2024-12-20T17:41:30.505+09:00  INFO 22200 --- [team01] [http-nio-8081-exec-1] o.a.c.c.C.[Tomcat].[localhost].[/]       : Initializing Spring DispatcherServlet 'dispatcherServlet'
2024-12-20T17:41:30.507+09:00  INFO 22200 --- [team01] [http-nio-8081-exec-1] o.s.web.servlet.DispatcherServlet        : Initializing Servlet 'dispatcherServlet'
2024-12-20T17:41:30.510+09:00  INFO 22200 --- [team01] [http-nio-8081-exec-1] o.s.web.servlet.DispatcherServlet        : Completed initialization in 1 ms
2024-12-20T19:46:06.968+09:00  INFO 22200 --- [team01] [File Watcher] rtingClassPathChangeChangedEventListener : Restarting due to 9 class path changes (2 additions, 5 deletions, 2 modifications)
2024-12-20T19:46:07.035+09:00  INFO 22200 --- [team01] [Thread-7] j.LocalContainerEntityManagerFactoryBean : Closing JPA EntityManagerFactory for persistence unit 'default'
2024-12-20T19:46:07.045+09:00  INFO 22200 --- [team01] [Thread-7] com.zaxxer.hikari.HikariDataSource       : HikariPool-1 - Shutdown initiated...
2024-12-20T19:46:07.051+09:00  INFO 22200 --- [team01] [Thread-7] com.zaxxer.hikari.HikariDataSource       : HikariPool-1 - Shutdown completed.
2024-12-20T19:46:07.248+09:00  INFO 22200 --- [team01] [restartedMain] com.example.team01.Team01Application     : Starting Team01Application using Java 17.0.12 with PID 22200 (C:\Users\whdgh\IdeaProjects\team01\target\classes started by whdgh in C:\Users\whdgh\IdeaProjects\team01)
2024-12-20T19:46:07.248+09:00 DEBUG 22200 --- [team01] [restartedMain] com.example.team01.Team01Application     : Running with Spring Boot v3.3.6, Spring v6.1.15
2024-12-20T19:46:07.249+09:00  INFO 22200 --- [team01] [restartedMain] com.example.team01.Team01Application     : No active profile set, falling back to 1 default profile: "default"
2024-12-20T19:46:07.475+09:00  INFO 22200 --- [team01] [restartedMain] .s.d.r.c.RepositoryConfigurationDelegate : Bootstrapping Spring Data JPA repositories in DEFAULT mode.
2024-12-20T19:46:07.479+09:00  INFO 22200 --- [team01] [restartedMain] .s.d.r.c.RepositoryConfigurationDelegate : Finished Spring Data repository scanning in 3 ms. Found 0 JPA repository interfaces.
2024-12-20T19:46:07.598+09:00  INFO 22200 --- [team01] [restartedMain] o.s.b.w.embedded.tomcat.TomcatWebServer  : Tomcat initialized with port 8081 (http)
2024-12-20T19:46:07.599+09:00  INFO 22200 --- [team01] [restartedMain] o.apache.catalina.core.StandardService   : Starting service [Tomcat]
2024-12-20T19:46:07.599+09:00  INFO 22200 --- [team01] [restartedMain] o.apache.catalina.core.StandardEngine    : Starting Servlet engine: [Apache Tomcat/10.1.33]
2024-12-20T19:46:07.616+09:00  INFO 22200 --- [team01] [restartedMain] o.a.c.c.C.[Tomcat].[localhost].[/]       : Initializing Spring embedded WebApplicationContext
2024-12-20T19:46:07.617+09:00  INFO 22200 --- [team01] [restartedMain] w.s.c.ServletWebServerApplicationContext : Root WebApplicationContext: initialization completed in 365 ms
2024-12-20T19:46:07.659+09:00  INFO 22200 --- [team01] [restartedMain] o.hibernate.jpa.internal.util.LogHelper  : HHH000204: Processing PersistenceUnitInfo [name: default]
2024-12-20T19:46:07.664+09:00  INFO 22200 --- [team01] [restartedMain] o.h.c.internal.RegionFactoryInitiator    : HHH000026: Second-level cache disabled
2024-12-20T19:46:07.677+09:00  INFO 22200 --- [team01] [restartedMain] o.s.o.j.p.SpringPersistenceUnitInfo      : No LoadTimeWeaver setup: ignoring JPA class transformer
2024-12-20T19:46:07.679+09:00  INFO 22200 --- [team01] [restartedMain] com.zaxxer.hikari.HikariDataSource       : HikariPool-2 - Starting...
2024-12-20T19:46:07.691+09:00  INFO 22200 --- [team01] [restartedMain] com.zaxxer.hikari.pool.HikariPool        : HikariPool-2 - Added connection oracle.jdbc.driver.T4CConnection@1a38523f
2024-12-20T19:46:07.692+09:00  INFO 22200 --- [team01] [restartedMain] com.zaxxer.hikari.HikariDataSource       : HikariPool-2 - Start completed.
2024-12-20T19:46:07.694+09:00  WARN 22200 --- [team01] [restartedMain] org.hibernate.dialect.Dialect            : HHH000511: The 11.2.0 version for [org.hibernate.dialect.OracleDialect] is no longer supported, hence certain features may not work properly. The minimum supported version is 19.0.0. Check the community dialects project for available legacy versions.
2024-12-20T19:46:07.694+09:00  WARN 22200 --- [team01] [restartedMain] org.hibernate.orm.deprecation            : HHH90000025: OracleDialect does not need to be specified explicitly using 'hibernate.dialect' (remove the property setting and it will be selected by default)
2024-12-20T19:46:07.712+09:00  INFO 22200 --- [team01] [restartedMain] o.h.e.t.j.p.i.JtaPlatformInitiator       : HHH000489: No JTA platform available (set 'hibernate.transaction.jta.platform' to enable JTA platform integration)
2024-12-20T19:46:07.712+09:00  INFO 22200 --- [team01] [restartedMain] j.LocalContainerEntityManagerFactoryBean : Initialized JPA EntityManagerFactory for persistence unit 'default'
2024-12-20T19:46:07.778+09:00  WARN 22200 --- [team01] [restartedMain] JpaBaseConfiguration$JpaWebConfiguration : spring.jpa.open-in-view is enabled by default. Therefore, database queries may be performed during view rendering. Explicitly configure spring.jpa.open-in-view to disable this warning
2024-12-20T19:46:07.787+09:00  WARN 22200 --- [team01] [restartedMain] .s.s.UserDetailsServiceAutoConfiguration : 

Using generated security password: b27c52b9-a3c6-49fc-9a5a-21ebd8b2aa26

This generated password is for development use only. Your security configuration must be updated before running your application in production.

2024-12-20T19:46:07.789+09:00  INFO 22200 --- [team01] [restartedMain] r$InitializeUserDetailsManagerConfigurer : Global AuthenticationManager configured with UserDetailsService bean with name inMemoryUserDetailsManager
2024-12-20T19:46:07.798+09:00  INFO 22200 --- [team01] [restartedMain] o.s.b.a.w.s.WelcomePageHandlerMapping    : Adding welcome page: class path resource [static/index.html]
2024-12-20T19:46:07.941+09:00  INFO 22200 --- [team01] [restartedMain] o.s.b.d.a.OptionalLiveReloadServer       : LiveReload server is running on port 35729
2024-12-20T19:46:07.954+09:00  INFO 22200 --- [team01] [restartedMain] o.s.b.w.embedded.tomcat.TomcatWebServer  : Tomcat started on port 8081 (http) with context path '/'
2024-12-20T19:46:07.960+09:00  INFO 22200 --- [team01] [restartedMain] com.example.team01.Team01Application     : Started Team01Application in 0.741 seconds (process running for 7552.391)
2024-12-20T19:46:07.962+09:00  INFO 22200 --- [team01] [restartedMain] .ConditionEvaluationDeltaLoggingListener : Condition evaluation unchanged
2024-12-20T19:46:09.372+09:00  INFO 22200 --- [team01] [File Watcher] rtingClassPathChangeChangedEventListener : Restarting due to 9 class path changes (9 additions, 0 deletions, 0 modifications)
2024-12-20T19:46:09.408+09:00  INFO 22200 --- [team01] [Thread-9] j.LocalContainerEntityManagerFactoryBean : Closing JPA EntityManagerFactory for persistence unit 'default'
2024-12-20T19:46:09.409+09:00  INFO 22200 --- [team01] [Thread-9] com.zaxxer.hikari.HikariDataSource       : HikariPool-2 - Shutdown initiated...
2024-12-20T19:46:09.413+09:00  INFO 22200 --- [team01] [Thread-9] com.zaxxer.hikari.HikariDataSource       : HikariPool-2 - Shutdown completed.
2024-12-20T19:46:09.501+09:00  INFO 22200 --- [team01] [restartedMain] com.example.team01.Team01Application     : Starting Team01Application using Java 17.0.12 with PID 22200 (C:\Users\whdgh\IdeaProjects\team01\target\classes started by whdgh in C:\Users\whdgh\IdeaProjects\team01)
2024-12-20T19:46:09.501+09:00 DEBUG 22200 --- [team01] [restartedMain] com.example.team01.Team01Application     : Running with Spring Boot v3.3.6, Spring v6.1.15
2024-12-20T19:46:09.501+09:00  INFO 22200 --- [team01] [restartedMain] com.example.team01.Team01Application     : No active profile set, falling back to 1 default profile: "default"
2024-12-20T19:46:09.659+09:00  INFO 22200 --- [team01] [restartedMain] .s.d.r.c.RepositoryConfigurationDelegate : Bootstrapping Spring Data JPA repositories in DEFAULT mode.
2024-12-20T19:46:09.662+09:00  INFO 22200 --- [team01] [restartedMain] .s.d.r.c.RepositoryConfigurationDelegate : Finished Spring Data repository scanning in 2 ms. Found 0 JPA repository interfaces.
2024-12-20T19:46:09.741+09:00  INFO 22200 --- [team01] [restartedMain] o.s.b.w.embedded.tomcat.TomcatWebServer  : Tomcat initialized with port 8081 (http)
2024-12-20T19:46:09.741+09:00  INFO 22200 --- [team01] [restartedMain] o.apache.catalina.core.StandardService   : Starting service [Tomcat]
2024-12-20T19:46:09.741+09:00  INFO 22200 --- [team01] [restartedMain] o.apache.catalina.core.StandardEngine    : Starting Servlet engine: [Apache Tomcat/10.1.33]
2024-12-20T19:46:09.755+09:00  INFO 22200 --- [team01] [restartedMain] o.a.c.c.C.[Tomcat].[localhost].[/]       : Initializing Spring embedded WebApplicationContext
2024-12-20T19:46:09.756+09:00  INFO 22200 --- [team01] [restartedMain] w.s.c.ServletWebServerApplicationContext : Root WebApplicationContext: initialization completed in 253 ms
2024-12-20T19:46:09.786+09:00  INFO 22200 --- [team01] [restartedMain] o.hibernate.jpa.internal.util.LogHelper  : HHH000204: Processing PersistenceUnitInfo [name: default]
2024-12-20T19:46:09.789+09:00  INFO 22200 --- [team01] [restartedMain] o.h.c.internal.RegionFactoryInitiator    : HHH000026: Second-level cache disabled
2024-12-20T19:46:09.796+09:00  INFO 22200 --- [team01] [restartedMain] o.s.o.j.p.SpringPersistenceUnitInfo      : No LoadTimeWeaver setup: ignoring JPA class transformer
2024-12-20T19:46:09.797+09:00  INFO 22200 --- [team01] [restartedMain] com.zaxxer.hikari.HikariDataSource       : HikariPool-3 - Starting...
2024-12-20T19:46:09.813+09:00  INFO 22200 --- [team01] [restartedMain] com.zaxxer.hikari.pool.HikariPool        : HikariPool-3 - Added connection oracle.jdbc.driver.T4CConnection@432e8e0f
2024-12-20T19:46:09.813+09:00  INFO 22200 --- [team01] [restartedMain] com.zaxxer.hikari.HikariDataSource       : HikariPool-3 - Start completed.
2024-12-20T19:46:09.814+09:00  WARN 22200 --- [team01] [restartedMain] org.hibernate.dialect.Dialect            : HHH000511: The 11.2.0 version for [org.hibernate.dialect.OracleDialect] is no longer supported, hence certain features may not work properly. The minimum supported version is 19.0.0. Check the community dialects project for available legacy versions.
2024-12-20T19:46:09.815+09:00  WARN 22200 --- [team01] [restartedMain] org.hibernate.orm.deprecation            : HHH90000025: OracleDialect does not need to be specified explicitly using 'hibernate.dialect' (remove the property setting and it will be selected by default)
2024-12-20T19:46:09.828+09:00  INFO 22200 --- [team01] [restartedMain] o.h.e.t.j.p.i.JtaPlatformInitiator       : HHH000489: No JTA platform available (set 'hibernate.transaction.jta.platform' to enable JTA platform integration)
2024-12-20T19:46:09.828+09:00  INFO 22200 --- [team01] [restartedMain] j.LocalContainerEntityManagerFactoryBean : Initialized JPA EntityManagerFactory for persistence unit 'default'
2024-12-20T19:46:09.860+09:00  WARN 22200 --- [team01] [restartedMain] JpaBaseConfiguration$JpaWebConfiguration : spring.jpa.open-in-view is enabled by default. Therefore, database queries may be performed during view rendering. Explicitly configure spring.jpa.open-in-view to disable this warning
2024-12-20T19:46:09.867+09:00  WARN 22200 --- [team01] [restartedMain] .s.s.UserDetailsServiceAutoConfiguration : 

Using generated security password: b62b9762-9aa4-41b4-9055-bd55a1fe18d3

This generated password is for development use only. Your security configuration must be updated before running your application in production.

2024-12-20T19:46:09.868+09:00  INFO 22200 --- [team01] [restartedMain] r$InitializeUserDetailsManagerConfigurer : Global AuthenticationManager configured with UserDetailsService bean with name inMemoryUserDetailsManager
2024-12-20T19:46:09.872+09:00  INFO 22200 --- [team01] [restartedMain] o.s.b.a.w.s.WelcomePageHandlerMapping    : Adding welcome page: class path resource [static/index.html]
2024-12-20T19:46:09.952+09:00  INFO 22200 --- [team01] [restartedMain] o.s.b.d.a.OptionalLiveReloadServer       : LiveReload server is running on port 35729
2024-12-20T19:46:09.960+09:00  INFO 22200 --- [team01] [restartedMain] o.s.b.w.embedded.tomcat.TomcatWebServer  : Tomcat started on port 8081 (http) with context path '/'
2024-12-20T19:46:09.965+09:00  INFO 22200 --- [team01] [restartedMain] com.example.team01.Team01Application     : Started Team01Application in 0.483 seconds (process running for 7554.396)
2024-12-20T19:46:09.966+09:00  INFO 22200 --- [team01] [restartedMain] .ConditionEvaluationDeltaLoggingListener : Condition evaluation unchanged
2024-12-20T19:47:10.914+09:00  INFO 22200 --- [team01] [SpringApplicationShutdownHook] j.LocalContainerEntityManagerFactoryBean : Closing JPA EntityManagerFactory for persistence unit 'default'
2024-12-20T19:47:10.914+09:00  INFO 22200 --- [team01] [SpringApplicationShutdownHook] com.zaxxer.hikari.HikariDataSource       : HikariPool-3 - Shutdown initiated...
2024-12-20T19:47:10.918+09:00  INFO 22200 --- [team01] [SpringApplicationShutdownHook] com.zaxxer.hikari.HikariDataSource       : HikariPool-3 - Shutdown completed.
